model-1600436283,1600436296.458,0.55,0.2498,0.51,0.2535
model-1600436283,1600436297.463,0.5,0.2499,0.45,0.2516
model-1600436283,1600436298.477,0.41,0.2585,0.46,0.2483
model-1600436283,1600436299.484,0.52,0.2395,0.62,0.2399
model-1600436283,1600436300.49,0.62,0.2432,0.49,0.2698
model-1600436283,1600436301.599,0.58,0.2273,0.57,0.2511
model-1600436283,1600436302.586,0.56,0.2422,0.57,0.243
model-1600436283,1600436303.634,0.66,0.2197,0.58,0.2442
model-1600436283,1600436304.616,0.62,0.2164,0.59,0.2348
model-1600436283,1600436305.659,0.67,0.2252,0.6,0.223
model-1600436283,1600436306.708,0.59,0.2382,0.65,0.2231
model-1600436283,1600436307.674,0.81,0.1727,0.62,0.2361
model-1600436283,1600436308.656,0.66,0.2119,0.57,0.2325
model-1600436283,1600436309.662,0.72,0.197,0.57,0.2342
model-1600436283,1600436310.67,0.67,0.2054,0.6,0.2178
model-1600436283,1600436310.771,0.77,0.1975,0.68,0.2067
model-1600436283,1600436311.777,0.7,0.219,0.65,0.2128
model-1600436283,1600436312.874,0.61,0.2222,0.67,0.2039
model-1600436283,1600436313.852,0.7,0.2019,0.68,0.2311
model-1600436283,1600436314.789,0.73,0.1659,0.74,0.197
model-1600436283,1600436315.774,0.72,0.2029,0.68,0.212
model-1600436283,1600436316.725,0.73,0.1641,0.63,0.2451
model-1600436283,1600436317.723,0.7,0.196,0.65,0.2167
model-1600436283,1600436318.698,0.64,0.2125,0.71,0.1985
model-1600436283,1600436319.684,0.7,0.2087,0.67,0.2063
model-1600436283,1600436320.642,0.61,0.2403,0.77,0.1658
model-1600436283,1600436321.619,0.86,0.1466,0.62,0.2384
model-1600436283,1600436322.633,0.64,0.1996,0.71,0.1833
model-1600436283,1600436323.769,0.84,0.1515,0.64,0.2191
model-1600436283,1600436324.812,0.73,0.165,0.7,0.177
model-1600436283,1600436324.897,0.75,0.1617,0.61,0.2512
model-1600436283,1600436325.98,0.78,0.1971,0.72,0.1886
model-1600436283,1600436327.028,0.69,0.1981,0.8,0.168
model-1600436283,1600436328.114,0.81,0.141,0.76,0.1697
model-1600436283,1600436329.163,0.8,0.1601,0.74,0.1848
model-1600436283,1600436330.168,0.73,0.1828,0.71,0.1828
model-1600436283,1600436331.231,0.77,0.147,0.75,0.1622
model-1600436283,1600436332.258,0.77,0.1659,0.68,0.2368
model-1600436283,1600436333.323,0.77,0.1872,0.77,0.1676
model-1600436283,1600436334.31,0.73,0.1766,0.69,0.1893
model-1600436283,1600436335.325,0.67,0.2254,0.72,0.1903
model-1600436283,1600436336.361,0.86,0.1237,0.76,0.164
model-1600436283,1600436337.331,0.77,0.1715,0.72,0.176
model-1600436283,1600436338.332,0.84,0.1286,0.7,0.2119
model-1600436283,1600436339.285,0.79,0.1517,0.68,0.2102
model-1600436283,1600436339.357,0.8,0.1445,0.76,0.1501
model-1600436283,1600436340.335,0.69,0.1921,0.73,0.1666
model-1600436283,1600436341.266,0.64,0.2166,0.79,0.1703
model-1600436283,1600436342.222,0.77,0.1382,0.76,0.1818
model-1600436283,1600436343.252,0.77,0.1497,0.76,0.1741
model-1600436283,1600436344.206,0.77,0.1726,0.75,0.1865
model-1600436283,1600436345.147,0.78,0.1386,0.76,0.164
model-1600436283,1600436346.178,0.8,0.1455,0.78,0.1694
model-1600436283,1600436347.194,0.8,0.1748,0.74,0.1775
model-1600436283,1600436348.266,0.83,0.1335,0.73,0.1779
model-1600436283,1600436349.245,0.75,0.1808,0.7,0.1886
model-1600436283,1600436350.204,0.86,0.1158,0.71,0.1846
model-1600436283,1600436351.247,0.75,0.1644,0.81,0.1393
model-1600436283,1600436352.255,0.83,0.1313,0.76,0.1709
model-1600436283,1600436353.214,0.83,0.1398,0.73,0.1587
model-1600436283,1600436353.284,0.8,0.1323,0.73,0.1687
model-1600436283,1600436354.262,0.77,0.1635,0.8,0.1464
model-1600436283,1600436355.348,0.69,0.1851,0.79,0.1597
model-1600436283,1600436356.387,0.83,0.1125,0.65,0.2213
model-1600436283,1600436357.495,0.77,0.15,0.78,0.1387
model-1600436283,1600436358.551,0.81,0.1511,0.8,0.1475
model-1600436283,1600436359.568,0.88,0.0995,0.6,0.2623
model-1600436283,1600436360.606,0.8,0.1527,0.68,0.2019
model-1600436283,1600436361.614,0.8,0.1585,0.73,0.1771
model-1600436283,1600436362.652,0.83,0.1266,0.71,0.181
model-1600436283,1600436363.646,0.75,0.1713,0.74,0.1594
model-1600436283,1600436364.613,0.84,0.1168,0.74,0.1925
model-1600436283,1600436365.582,0.78,0.1323,0.81,0.1396
model-1600436283,1600436366.57,0.78,0.1366,0.71,0.194
model-1600436283,1600436367.545,0.81,0.1492,0.74,0.1466
model-1600436283,1600436367.633,0.78,0.1257,0.77,0.1604
model-1600436283,1600436368.629,0.78,0.1682,0.74,0.1785
model-1600436283,1600436369.58,0.73,0.1724,0.78,0.1469
model-1600436283,1600436370.576,0.86,0.1076,0.86,0.1308
model-1600436283,1600436371.57,0.75,0.1571,0.75,0.1766
model-1600436283,1600436372.497,0.8,0.1519,0.74,0.176
model-1600436283,1600436373.485,0.88,0.0861,0.79,0.1539
model-1600436283,1600436374.483,0.78,0.1457,0.66,0.2164
model-1600436283,1600436375.508,0.84,0.1408,0.73,0.1656
model-1600436283,1600436376.456,0.84,0.1206,0.71,0.198
model-1600436283,1600436377.472,0.8,0.1665,0.74,0.1763
model-1600436283,1600436378.593,0.84,0.1044,0.75,0.169
model-1600436283,1600436379.57,0.83,0.1269,0.8,0.1346
model-1600436283,1600436380.548,0.86,0.1137,0.78,0.1528
model-1600436283,1600436381.498,0.83,0.1471,0.71,0.1857
model-1600436283,1600436381.571,0.77,0.1156,0.75,0.1574
model-1600436283,1600436382.535,0.77,0.1495,0.84,0.1185
model-1600436283,1600436383.474,0.75,0.1708,0.82,0.1128
model-1600436283,1600436384.591,0.84,0.0891,0.72,0.1849
model-1600436283,1600436385.56,0.83,0.1355,0.81,0.1203
model-1600436283,1600436386.534,0.83,0.1419,0.75,0.1583
model-1600436283,1600436387.519,0.91,0.067,0.74,0.1813
model-1600436283,1600436388.484,0.81,0.129,0.74,0.1657
model-1600436283,1600436389.489,0.83,0.1462,0.75,0.1648
model-1600436283,1600436390.525,0.83,0.1214,0.77,0.1674
model-1600436283,1600436391.636,0.75,0.1522,0.74,0.1833
model-1600436283,1600436392.674,0.83,0.1051,0.82,0.1384
model-1600436283,1600436393.706,0.8,0.1373,0.79,0.1672
model-1600436283,1600436394.72,0.88,0.1038,0.77,0.1346
model-1600436283,1600436395.755,0.85,0.1319,0.75,0.1586
model-1600436283,1600436395.846,0.8,0.1185,0.74,0.1898
model-1600436283,1600436396.841,0.78,0.143,0.78,0.1523
model-1600436283,1600436397.855,0.75,0.1448,0.77,0.1538
model-1600436283,1600436398.873,0.89,0.0827,0.73,0.162
model-1600436283,1600436399.902,0.81,0.1269,0.8,0.149
model-1600436283,1600436401.006,0.84,0.1351,0.76,0.1583
model-1600436283,1600436402.074,0.91,0.0639,0.77,0.1611
model-1600436283,1600436403.222,0.83,0.1293,0.75,0.1676
model-1600436283,1600436404.321,0.88,0.1201,0.73,0.176
model-1600436283,1600436405.402,0.83,0.1183,0.74,0.1779
model-1600436283,1600436406.391,0.78,0.1469,0.72,0.1799
model-1600436283,1600436407.441,0.91,0.0972,0.77,0.1851
model-1600436283,1600436408.491,0.77,0.1588,0.72,0.2128
model-1600436283,1600436409.557,0.86,0.0987,0.82,0.1335
model-1600436283,1600436410.594,0.73,0.1931,0.75,0.1666
model-1600436283,1600436410.684,0.84,0.127,0.65,0.2052
model-1600436283,1600436411.707,0.8,0.1342,0.78,0.1621
model-1600436283,1600436412.781,0.77,0.1258,0.82,0.1355
model-1600436283,1600436413.784,0.88,0.0866,0.73,0.1933
model-1600436283,1600436414.856,0.84,0.1169,0.77,0.1597
model-1600436283,1600436415.918,0.83,0.1211,0.73,0.182
model-1600436283,1600436416.936,0.94,0.0571,0.76,0.1549
model-1600436283,1600436417.921,0.89,0.0883,0.78,0.1639
model-1600436283,1600436419.096,0.86,0.1186,0.8,0.1557
model-1600436283,1600436420.054,0.86,0.1077,0.76,0.1838
model-1600436283,1600436421.086,0.8,0.1455,0.8,0.1436
model-1600436283,1600436422.037,0.86,0.0951,0.85,0.1248
model-1600436283,1600436423.008,0.73,0.1706,0.74,0.1989
model-1600436283,1600436423.942,0.86,0.1002,0.79,0.1592
model-1600436283,1600436424.938,0.81,0.1558,0.65,0.2412
model-1600436283,1600436425.027,0.84,0.1201,0.76,0.1887
model-1600436283,1600436426.038,0.84,0.1233,0.81,0.1438
model-1600436283,1600436427.106,0.83,0.1117,0.76,0.1675
model-1600436283,1600436428.167,0.92,0.0737,0.81,0.1552
model-1600436283,1600436429.162,0.84,0.1168,0.81,0.1233
model-1600436283,1600436430.16,0.84,0.1218,0.74,0.1848
model-1600436283,1600436431.153,0.91,0.0638,0.82,0.1393
model-1600436283,1600436432.184,0.88,0.0968,0.79,0.1584
model-1600436283,1600436433.264,0.83,0.1107,0.72,0.2033
model-1600436283,1600436434.236,0.83,0.1324,0.76,0.1581
model-1600436283,1600436435.219,0.7,0.1895,0.74,0.1907
model-1600436283,1600436436.171,0.84,0.1033,0.76,0.1618
model-1600436283,1600436437.162,0.8,0.1409,0.77,0.1593
model-1600436283,1600436438.158,0.88,0.0986,0.73,0.1869
model-1600436283,1600436439.099,0.88,0.1177,0.82,0.1367
model-1600436283,1600436439.181,0.84,0.1159,0.75,0.1949
model-1600436283,1600436440.193,0.88,0.1028,0.69,0.2175
model-1600436283,1600436441.17,0.8,0.1298,0.76,0.1942
model-1600436283,1600436442.179,0.92,0.0797,0.75,0.1887
model-1600436283,1600436443.197,0.88,0.1067,0.76,0.1756
model-1600436283,1600436444.234,0.84,0.1171,0.77,0.1501
model-1600436283,1600436445.271,0.95,0.0542,0.79,0.1576
model-1600436283,1600436446.31,0.86,0.1046,0.71,0.2113
model-1600436283,1600436447.359,0.89,0.0998,0.75,0.1651
model-1600436283,1600436448.347,0.86,0.1093,0.72,0.2209
model-1600436283,1600436449.358,0.84,0.1034,0.74,0.2019
model-1600436283,1600436450.438,0.88,0.0754,0.71,0.2261
model-1600436283,1600436451.51,0.78,0.1372,0.8,0.1504
model-1600436283,1600436452.691,0.86,0.0983,0.8,0.1477
model-1600436283,1600436453.731,0.87,0.125,0.79,0.1647
model-1600436283,1600436453.824,0.88,0.0978,0.77,0.1678
model-1600436283,1600436454.813,0.86,0.1027,0.74,0.1949
model-1600436283,1600436455.817,0.78,0.1125,0.79,0.1582
model-1600436283,1600436456.893,0.94,0.0652,0.75,0.2026
model-1600436283,1600436457.925,0.91,0.0998,0.78,0.1599
model-1600436283,1600436458.93,0.89,0.0983,0.78,0.1717
model-1600436283,1600436459.95,0.91,0.0734,0.86,0.1192
model-1600436283,1600436460.951,0.83,0.1366,0.71,0.1903
model-1600436283,1600436461.937,0.88,0.0889,0.75,0.1789
model-1600436283,1600436463.012,0.88,0.0875,0.78,0.1861
model-1600436283,1600436464.01,0.83,0.1242,0.74,0.1758
model-1600436283,1600436465.077,0.92,0.0864,0.69,0.1919
model-1600436283,1600436466.065,0.84,0.1311,0.77,0.1836
model-1600436283,1600436467.044,0.86,0.0928,0.7,0.205
model-1600436283,1600436468.0,0.88,0.1065,0.74,0.1756
model-1600436283,1600436468.089,0.92,0.0739,0.78,0.1346
model-1600436283,1600436469.076,0.88,0.1017,0.83,0.1322
model-1600436283,1600436470.075,0.8,0.1005,0.75,0.1807
model-1600436283,1600436471.109,0.89,0.0689,0.72,0.186
model-1600436283,1600436472.153,0.88,0.1038,0.75,0.1997
model-1600436283,1600436473.163,0.88,0.0976,0.72,0.2022
model-1600436283,1600436474.262,0.89,0.0641,0.72,0.2052
model-1600436283,1600436475.258,0.86,0.1,0.85,0.1349
model-1600436283,1600436476.246,0.88,0.0939,0.67,0.2411
model-1600436283,1600436477.259,0.84,0.0987,0.76,0.1698
model-1600436283,1600436478.304,0.86,0.0963,0.68,0.216
model-1600436283,1600436479.332,0.94,0.0728,0.73,0.1795
model-1600436283,1600436480.353,0.86,0.1141,0.76,0.1719
model-1600436283,1600436481.319,0.89,0.104,0.79,0.1477
model-1600436283,1600436482.302,0.87,0.1034,0.79,0.1667
model-1600436283,1600436482.38,0.92,0.0876,0.78,0.1997
model-1600436283,1600436483.379,0.89,0.0863,0.78,0.1574
model-1600436283,1600436484.394,0.92,0.0703,0.77,0.1867
model-1600436283,1600436485.365,0.91,0.0618,0.74,0.1945
model-1600436283,1600436486.399,0.8,0.1427,0.7,0.2142
model-1600436283,1600436487.459,0.91,0.0904,0.71,0.2038
model-1600436283,1600436488.499,0.92,0.0538,0.75,0.1782
model-1600436283,1600436489.509,0.88,0.1176,0.8,0.1562
model-1600436283,1600436490.562,0.84,0.1147,0.79,0.1633
model-1600436283,1600436491.542,0.92,0.0766,0.77,0.1865
model-1600436283,1600436492.568,0.83,0.126,0.73,0.2171
model-1600436283,1600436493.608,0.89,0.0785,0.74,0.1855
model-1600436283,1600436494.616,0.83,0.1106,0.77,0.1506
model-1600436283,1600436495.644,0.88,0.0903,0.74,0.1783
model-1600436283,1600436496.645,0.83,0.1316,0.69,0.2169
model-1600436283,1600436496.726,0.83,0.1136,0.72,0.2201
model-1600436283,1600436497.738,0.89,0.0877,0.71,0.2189
model-1600436283,1600436498.718,0.84,0.0846,0.76,0.1879
model-1600436283,1600436499.776,0.92,0.0581,0.83,0.1455
model-1600436283,1600436500.896,0.84,0.1141,0.69,0.2337
model-1600436283,1600436501.959,0.88,0.0977,0.81,0.1387
model-1600436283,1600436502.964,0.94,0.0534,0.79,0.1607
model-1600436283,1600436504.044,0.91,0.0909,0.64,0.2992
model-1600436283,1600436505.077,0.86,0.0831,0.83,0.1474
model-1600436283,1600436506.078,0.83,0.1092,0.79,0.1609
model-1600436283,1600436507.131,0.92,0.0768,0.7,0.2232
model-1600436283,1600436508.213,0.94,0.0493,0.73,0.1923
model-1600436283,1600436509.294,0.88,0.0948,0.73,0.2041
model-1600436283,1600436510.356,0.91,0.0708,0.8,0.1651
model-1600436283,1600436511.385,0.88,0.0937,0.76,0.1457
model-1600436283,1600436511.461,0.86,0.0854,0.72,0.1915
model-1600436283,1600436512.472,0.88,0.0822,0.78,0.1675
model-1600436283,1600436513.513,0.89,0.0712,0.83,0.1479
model-1600436283,1600436514.582,0.91,0.0793,0.69,0.245
model-1600436283,1600436515.614,0.81,0.1231,0.77,0.1843
model-1600436283,1600436516.658,0.84,0.1089,0.66,0.257
model-1600436283,1600436517.746,0.89,0.0756,0.68,0.2535
model-1600436283,1600436518.78,0.91,0.0858,0.73,0.2067
model-1600436283,1600436519.955,0.92,0.075,0.81,0.1365
model-1600436283,1600436521.014,0.78,0.1535,0.73,0.2325
model-1600436283,1600436522.044,0.92,0.0684,0.76,0.1633
model-1600436283,1600436523.098,0.94,0.0602,0.72,0.2272
model-1600436283,1600436524.072,0.91,0.0802,0.72,0.2194
model-1600436283,1600436525.103,0.92,0.0676,0.77,0.1616
model-1600436283,1600436526.121,0.9,0.0735,0.74,0.1874
model-1600436283,1600436526.207,0.92,0.0449,0.77,0.1548
model-1600436283,1600436527.204,0.84,0.1094,0.66,0.2424
model-1600436283,1600436528.23,0.92,0.0629,0.75,0.1777
model-1600436283,1600436529.226,0.92,0.0577,0.72,0.1893
model-1600436283,1600436530.289,0.89,0.0864,0.66,0.2562
model-1600436283,1600436531.305,0.88,0.0846,0.82,0.1472
model-1600436283,1600436532.307,0.91,0.0659,0.84,0.1325
model-1600436283,1600436533.324,0.91,0.0645,0.8,0.1588
model-1600436283,1600436534.398,0.92,0.0568,0.76,0.2095
model-1600436283,1600436535.44,0.83,0.1266,0.7,0.2529
model-1600436283,1600436536.427,0.91,0.06,0.73,0.1998
model-1600436283,1600436537.461,0.95,0.0425,0.77,0.1924
model-1600436283,1600436538.461,0.88,0.0819,0.78,0.1788
model-1600436283,1600436539.498,0.94,0.0487,0.78,0.1729
model-1600436283,1600436540.541,0.9,0.0707,0.71,0.207
model-1600436283,1600436540.631,0.97,0.0355,0.71,0.2263
model-1600436283,1600436541.655,0.86,0.103,0.72,0.2133
model-1600436283,1600436542.659,0.84,0.0976,0.8,0.1671
model-1600436283,1600436543.679,0.94,0.0546,0.69,0.2163
model-1600436283,1600436544.727,0.88,0.0902,0.69,0.238
model-1600436283,1600436545.906,0.95,0.0645,0.74,0.2069
model-1600436283,1600436546.977,0.95,0.049,0.78,0.1614
model-1600436283,1600436548.008,0.94,0.0511,0.75,0.2062
model-1600436283,1600436549.086,0.92,0.0604,0.65,0.2728
model-1600436283,1600436550.108,0.92,0.0536,0.65,0.2906
model-1600436283,1600436551.196,0.89,0.0831,0.65,0.305
model-1600436283,1600436552.215,0.91,0.0772,0.76,0.184
model-1600436283,1600436553.206,0.94,0.0482,0.83,0.123
model-1600436283,1600436554.191,0.88,0.0859,0.83,0.1327
model-1600436283,1600436555.222,0.92,0.0498,0.81,0.1383
model-1600436283,1600436555.303,0.97,0.0322,0.79,0.1527
model-1600436283,1600436556.261,0.91,0.0592,0.72,0.2271
model-1600436283,1600436557.211,0.84,0.0953,0.76,0.1805
model-1600436283,1600436558.193,0.86,0.0818,0.77,0.1876
model-1600436283,1600436559.171,0.78,0.1501,0.76,0.1466
model-1600436283,1600436560.156,0.92,0.0798,0.75,0.2069
model-1600436283,1600436561.155,0.97,0.0455,0.67,0.2432
model-1600436283,1600436562.167,0.88,0.0691,0.76,0.1824
model-1600436283,1600436563.2,0.91,0.0779,0.65,0.2817
model-1600436283,1600436564.197,0.94,0.0503,0.78,0.1944
model-1600436283,1600436565.207,0.91,0.0557,0.77,0.1859
model-1600436283,1600436566.212,0.91,0.0566,0.8,0.1692
model-1600436283,1600436567.241,0.94,0.0494,0.72,0.2108
model-1600436283,1600436568.274,0.89,0.0619,0.78,0.1762
model-1600436283,1600436569.259,0.9,0.0605,0.73,0.2247
model-1600436283,1600436569.345,0.92,0.0418,0.73,0.226
model-1600436283,1600436570.437,0.91,0.0629,0.75,0.1947
model-1600436283,1600436571.468,0.89,0.0577,0.78,0.1799
model-1600436283,1600436572.477,0.91,0.0795,0.74,0.1966
model-1600436283,1600436573.492,0.86,0.1139,0.79,0.1554
model-1600436283,1600436574.506,0.92,0.0805,0.74,0.1765
model-1600436283,1600436575.523,0.97,0.0443,0.77,0.2083
model-1600436283,1600436576.566,0.89,0.0614,0.75,0.2176
model-1600436283,1600436577.556,0.95,0.0491,0.74,0.218
model-1600436283,1600436578.553,0.95,0.0305,0.8,0.1801
model-1600436283,1600436579.57,0.95,0.0441,0.76,0.1938
model-1600436283,1600436580.587,0.95,0.0512,0.74,0.1734
model-1600436283,1600436581.645,0.92,0.0581,0.81,0.1437
model-1600436283,1600436582.705,0.97,0.0438,0.73,0.2264
model-1600436283,1600436583.749,0.83,0.1319,0.7,0.263
